<?xml version="1.0" encoding="UTF-8"?>
<!-- Generated by org.testng.reporters.JUnitReportReporter -->
<testsuite skipped="0" hostname="Abrahams-MacBook-Air.local" name="com.systemadmin.CreatinganAccount" tests="1" failures="0" timestamp="26 May 2019 15:52:09 GMT" time="21.409" errors="0">
  <testcase name="clickTomyAccount" time="21.409" classname="com.systemadmin.CreatinganAccount"/>
</testsuite> <!-- com.systemadmin.CreatinganAccount -->
