<?xml version="1.0" encoding="UTF-8"?>
<!-- Generated by org.testng.reporters.JUnitReportReporter -->
<testsuite skipped="0" hostname="Abrahams-MacBook-Air.local" name="com.systemadmin.Cheack_Out_Lenses" tests="1" failures="0" timestamp="27 May 2019 18:17:05 GMT" time="25.395" errors="0">
  <testcase name="checkOut" time="25.395" classname="com.systemadmin.Cheack_Out_Lenses"/>
</testsuite> <!-- com.systemadmin.Cheack_Out_Lenses -->
