<?xml version="1.0" encoding="UTF-8"?>
<!-- Generated by org.testng.reporters.JUnitReportReporter -->
<testsuite skipped="0" hostname="Abrahams-MacBook-Air.local" name="com.systemadmin.CreatinganAccount" tests="1" failures="0" timestamp="27 May 2019 18:17:05 GMT" time="15.248" errors="0">
  <testcase name="clickTomyAccount" time="15.248" classname="com.systemadmin.CreatinganAccount"/>
</testsuite> <!-- com.systemadmin.CreatinganAccount -->
